<?xml version="1.0" encoding="UTF-8"?>
<testng-results ignored="0" total="1" passed="1" failed="0" skipped="0">
  <reporter-output>
  </reporter-output>
  <suite started-at="2022-07-21T23:54:34 IST" name="Default suite" finished-at="2022-07-21T23:54:41 IST" duration-ms="7251">
    <groups>
    </groups>
    <test started-at="2022-07-21T23:54:34 IST" name="Default test" finished-at="2022-07-21T23:54:41 IST" duration-ms="7251">
      <class name="mainTest.GetEarthquakeData">
        <test-method signature="getEqdata()[pri:0, instance:mainTest.GetEarthquakeData@6c779568]" started-at="2022-07-21T23:54:34 IST" name="getEqdata" finished-at="2022-07-21T23:54:41 IST" duration-ms="7223" status="PASS">
          <reporter-output>
          </reporter-output>
        </test-method> <!-- getEqdata -->
      </class> <!-- mainTest.GetEarthquakeData -->
    </test> <!-- Default test -->
  </suite> <!-- Default suite -->
</testng-results>
